Date - Sun, 31 Mar 2024 09:12:38 GMT Method | - GET | URL - /test | Status - 200
Date - Sun, 31 Mar 2024 09:12:40 GMT Method | - GET | URL - / | Status - 200
Date - Sun, 31 Mar 2024 09:12:45 GMT Method | - GET | URL - /forbidden | Status - 403
Date - Sun, 31 Mar 2024 09:12:45 GMT Method | - GET | URL - /forbidden | Status - 403
Date - Sun, 31 Mar 2024 09:12:50 GMT Method | - GET | URL - /about | Status - 404
Date - Sun, 31 Mar 2024 09:12:50 GMT Method | - GET | URL - /about | Status - 404
Date - Sun, 14 Apr 2024 07:38:39 GMT Method | - GET | URL - / | Status - 200
Date - Sun, 14 Apr 2024 07:38:39 GMT Method | - GET | URL - /stylesheets/style.css | Status - 404
Date - Sun, 14 Apr 2024 07:38:39 GMT Method | - GET | URL - /favicon.ico | Status - 404
Date - Sun, 14 Apr 2024 07:43:05 GMT Method | - GET | URL - / | Status - 304
Date - Sun, 14 Apr 2024 07:43:05 GMT Method | - GET | URL - /stylesheets/style.css | Status - 200
Date - Sun, 14 Apr 2024 07:43:05 GMT Method | - GET | URL - / | Status - 304
Date - Sun, 14 Apr 2024 07:43:05 GMT Method | - GET | URL - /stylesheets/style.css | Status - 304
Date - Sun, 14 Apr 2024 07:43:06 GMT Method | - GET | URL - / | Status - 304
Date - Sun, 14 Apr 2024 07:43:06 GMT Method | - GET | URL - /stylesheets/style.css | Status - 304
Date - Sun, 14 Apr 2024 07:51:02 GMT Method | - GET | URL - / | Status - 304
Date - Sun, 14 Apr 2024 07:51:02 GMT Method | - GET | URL - /stylesheets/style.css | Status - 304
Date - Sun, 14 Apr 2024 07:51:06 GMT Method | - GET | URL - /1 | Status - 404
Date - Sun, 14 Apr 2024 07:51:10 GMT Method | - GET | URL - /test | Status - 200
Date - Sun, 14 Apr 2024 07:51:14 GMT Method | - GET | URL - /shop | Status - 404
Date - Sun, 14 Apr 2024 07:53:46 GMT Method | - GET | URL - /shop | Status - 404
Date - Sun, 14 Apr 2024 07:53:46 GMT Method | - GET | URL - /stylesheets/style.css | Status - 304
Date - Sun, 14 Apr 2024 07:53:46 GMT Method | - GET | URL - /images/404.png | Status - 200
Date - Sun, 14 Apr 2024 07:53:49 GMT Method | - GET | URL - / | Status - 304
Date - Sun, 14 Apr 2024 07:53:49 GMT Method | - GET | URL - /stylesheets/style.css | Status - 304
Date - Sun, 14 Apr 2024 07:56:53 GMT Method | - GET | URL - / | Status - 304
Date - Sun, 14 Apr 2024 07:56:53 GMT Method | - GET | URL - /stylesheets/style.css | Status - 404
Date - Sun, 14 Apr 2024 07:56:53 GMT Method | - GET | URL - / | Status - 304
Date - Sun, 14 Apr 2024 07:56:53 GMT Method | - GET | URL - /stylesheets/style.css | Status - 404
Date - Sun, 14 Apr 2024 07:56:54 GMT Method | - GET | URL - / | Status - 304
Date - Sun, 14 Apr 2024 07:56:55 GMT Method | - GET | URL - /stylesheets/style.css | Status - 404
Date - Sun, 14 Apr 2024 07:56:55 GMT Method | - GET | URL - / | Status - 304
Date - Sun, 14 Apr 2024 07:56:55 GMT Method | - GET | URL - /stylesheets/style.css | Status - 404
Date - Sun, 14 Apr 2024 07:56:55 GMT Method | - GET | URL - / | Status - 304
Date - Sun, 14 Apr 2024 07:56:55 GMT Method | - GET | URL - /stylesheets/style.css | Status - 404
Date - Sun, 14 Apr 2024 07:57:03 GMT Method | - GET | URL - / | Status - 304
Date - Sun, 14 Apr 2024 07:57:03 GMT Method | - GET | URL - /stylesheets/style.css | Status - 404
Date - Sun, 14 Apr 2024 07:57:04 GMT Method | - GET | URL - / | Status - 304
Date - Sun, 14 Apr 2024 07:57:04 GMT Method | - GET | URL - /stylesheets/style.css | Status - 404
Date - Sun, 14 Apr 2024 07:57:04 GMT Method | - GET | URL - / | Status - 304
Date - Sun, 14 Apr 2024 07:57:04 GMT Method | - GET | URL - /stylesheets/style.css | Status - 404
Date - Sun, 14 Apr 2024 07:57:04 GMT Method | - GET | URL - / | Status - 304
Date - Sun, 14 Apr 2024 07:57:04 GMT Method | - GET | URL - /stylesheets/style.css | Status - 404
Date - Sun, 14 Apr 2024 07:57:04 GMT Method | - GET | URL - / | Status - 304
Date - Sun, 14 Apr 2024 07:57:04 GMT Method | - GET | URL - /stylesheets/style.css | Status - 404
Date - Sun, 14 Apr 2024 07:57:14 GMT Method | - GET | URL - / | Status - 304
Date - Sun, 14 Apr 2024 07:57:14 GMT Method | - GET | URL - /stylesheets/style.css | Status - 404
Date - Sun, 14 Apr 2024 07:57:14 GMT Method | - GET | URL - / | Status - 304
Date - Sun, 14 Apr 2024 07:57:14 GMT Method | - GET | URL - /stylesheets/style.css | Status - 404
Date - Sun, 14 Apr 2024 07:57:15 GMT Method | - GET | URL - / | Status - 304
Date - Sun, 14 Apr 2024 07:57:15 GMT Method | - GET | URL - /stylesheets/style.css | Status - 404
Date - Sun, 14 Apr 2024 07:58:33 GMT Method | - GET | URL - / | Status - 304
Date - Sun, 14 Apr 2024 07:58:33 GMT Method | - GET | URL - /stylesheets/style.css | Status - 404
Date - Sun, 14 Apr 2024 07:58:35 GMT Method | - GET | URL - / | Status - 304
Date - Sun, 14 Apr 2024 07:58:35 GMT Method | - GET | URL - /stylesheets/style.css | Status - 404
Date - Sun, 14 Apr 2024 07:58:35 GMT Method | - GET | URL - / | Status - 304
Date - Sun, 14 Apr 2024 07:58:35 GMT Method | - GET | URL - /stylesheets/style.css | Status - 404
Date - Sun, 14 Apr 2024 07:59:07 GMT Method | - GET | URL - / | Status - 304
Date - Sun, 14 Apr 2024 07:59:07 GMT Method | - GET | URL - /stylesheets/style.css | Status - 404
Date - Sun, 14 Apr 2024 07:59:44 GMT Method | - GET | URL - / | Status - 200
Date - Sun, 14 Apr 2024 07:59:44 GMT Method | - GET | URL - /stylesheets/style.css | Status - 404
Date - Sun, 14 Apr 2024 07:59:44 GMT Method | - GET | URL - /favicon.ico | Status - 404
Date - Sun, 14 Apr 2024 07:59:45 GMT Method | - GET | URL - / | Status - 200
Date - Sun, 14 Apr 2024 07:59:45 GMT Method | - GET | URL - /stylesheets/style.css | Status - 404
Date - Sun, 14 Apr 2024 07:59:45 GMT Method | - GET | URL - /favicon.ico | Status - 404
Date - Sun, 14 Apr 2024 07:59:45 GMT Method | - GET | URL - / | Status - 200
Date - Sun, 14 Apr 2024 07:59:45 GMT Method | - GET | URL - /stylesheets/style.css | Status - 404
Date - Sun, 14 Apr 2024 07:59:45 GMT Method | - GET | URL - /favicon.ico | Status - 404
Date - Sun, 14 Apr 2024 07:59:45 GMT Method | - GET | URL - / | Status - 200
Date - Sun, 14 Apr 2024 07:59:45 GMT Method | - GET | URL - /stylesheets/style.css | Status - 404
Date - Sun, 14 Apr 2024 07:59:45 GMT Method | - GET | URL - /favicon.ico | Status - 404
Date - Sun, 14 Apr 2024 07:59:45 GMT Method | - GET | URL - / | Status - 200
Date - Sun, 14 Apr 2024 07:59:45 GMT Method | - GET | URL - /stylesheets/style.css | Status - 404
Date - Sun, 14 Apr 2024 07:59:45 GMT Method | - GET | URL - /favicon.ico | Status - 404
Date - Sun, 14 Apr 2024 07:59:46 GMT Method | - GET | URL - / | Status - 200
Date - Sun, 14 Apr 2024 07:59:46 GMT Method | - GET | URL - /stylesheets/style.css | Status - 404
Date - Sun, 14 Apr 2024 07:59:46 GMT Method | - GET | URL - /favicon.ico | Status - 404
Date - Sun, 14 Apr 2024 07:59:46 GMT Method | - GET | URL - / | Status - 200
Date - Sun, 14 Apr 2024 07:59:46 GMT Method | - GET | URL - /stylesheets/style.css | Status - 404
Date - Sun, 14 Apr 2024 07:59:46 GMT Method | - GET | URL - /favicon.ico | Status - 404
Date - Sun, 14 Apr 2024 07:59:46 GMT Method | - GET | URL - / | Status - 200
Date - Sun, 14 Apr 2024 07:59:46 GMT Method | - GET | URL - /stylesheets/style.css | Status - 404
Date - Sun, 14 Apr 2024 07:59:46 GMT Method | - GET | URL - /favicon.ico | Status - 404
Date - Sun, 14 Apr 2024 07:59:46 GMT Method | - GET | URL - / | Status - 200
Date - Sun, 14 Apr 2024 07:59:46 GMT Method | - GET | URL - /stylesheets/style.css | Status - 404
Date - Sun, 14 Apr 2024 07:59:46 GMT Method | - GET | URL - /favicon.ico | Status - 404
Date - Sun, 14 Apr 2024 07:59:47 GMT Method | - GET | URL - / | Status - 200
Date - Sun, 14 Apr 2024 07:59:47 GMT Method | - GET | URL - /stylesheets/style.css | Status - 404
Date - Sun, 14 Apr 2024 07:59:47 GMT Method | - GET | URL - /favicon.ico | Status - 404
Date - Sun, 14 Apr 2024 07:59:47 GMT Method | - GET | URL - / | Status - 200
Date - Sun, 14 Apr 2024 07:59:47 GMT Method | - GET | URL - /stylesheets/style.css | Status - 404
Date - Sun, 14 Apr 2024 07:59:47 GMT Method | - GET | URL - /favicon.ico | Status - 404
Date - Sun, 14 Apr 2024 07:59:51 GMT Method | - GET | URL - / | Status - 304
Date - Sun, 14 Apr 2024 07:59:51 GMT Method | - GET | URL - /stylesheets/style.css | Status - 404
Date - Sun, 14 Apr 2024 08:00:00 GMT Method | - GET | URL - / | Status - 304
Date - Sun, 14 Apr 2024 08:00:00 GMT Method | - GET | URL - /stylesheets/style.css | Status - 404
Date - Sun, 14 Apr 2024 08:00:00 GMT Method | - GET | URL - / | Status - 304
Date - Sun, 14 Apr 2024 08:00:00 GMT Method | - GET | URL - /stylesheets/style.css | Status - 404
Date - Sun, 14 Apr 2024 08:00:01 GMT Method | - GET | URL - / | Status - 200
Date - Sun, 14 Apr 2024 08:00:01 GMT Method | - GET | URL - /stylesheets/style.css | Status - 404
Date - Sun, 14 Apr 2024 08:00:01 GMT Method | - GET | URL - /favicon.ico | Status - 404
Date - Sun, 14 Apr 2024 08:00:47 GMT Method | - GET | URL - / | Status - 304
Date - Sun, 14 Apr 2024 08:00:47 GMT Method | - GET | URL - /stylesheets/style.css | Status - 404
Date - Sun, 14 Apr 2024 08:00:51 GMT Method | - GET | URL - / | Status - 200
Date - Sun, 14 Apr 2024 08:00:51 GMT Method | - GET | URL - /stylesheets/style.css | Status - 404
Date - Sun, 14 Apr 2024 08:00:51 GMT Method | - GET | URL - /favicon.ico | Status - 404
Date - Sun, 14 Apr 2024 08:00:51 GMT Method | - GET | URL - / | Status - 200
Date - Sun, 14 Apr 2024 08:00:51 GMT Method | - GET | URL - /stylesheets/style.css | Status - 404
Date - Sun, 14 Apr 2024 08:00:51 GMT Method | - GET | URL - /favicon.ico | Status - 404
Date - Sun, 14 Apr 2024 08:03:09 GMT Method | - GET | URL - / | Status - 304
Date - Sun, 14 Apr 2024 08:03:09 GMT Method | - GET | URL - /stylesheets/style.css | Status - 200
Date - Sun, 14 Apr 2024 08:03:10 GMT Method | - GET | URL - / | Status - 304
Date - Sun, 14 Apr 2024 08:03:10 GMT Method | - GET | URL - /stylesheets/style.css | Status - 304
Date - Sun, 14 Apr 2024 08:03:10 GMT Method | - GET | URL - / | Status - 304
Date - Sun, 14 Apr 2024 08:03:10 GMT Method | - GET | URL - /stylesheets/style.css | Status - 304
Date - Sun, 14 Apr 2024 08:03:10 GMT Method | - GET | URL - / | Status - 304
Date - Sun, 14 Apr 2024 08:03:10 GMT Method | - GET | URL - /stylesheets/style.css | Status - 304
Date - Sun, 14 Apr 2024 08:03:10 GMT Method | - GET | URL - / | Status - 304
Date - Sun, 14 Apr 2024 08:03:10 GMT Method | - GET | URL - /stylesheets/style.css | Status - 304
Date - Sun, 14 Apr 2024 08:03:11 GMT Method | - GET | URL - / | Status - 304
Date - Sun, 14 Apr 2024 08:03:11 GMT Method | - GET | URL - /stylesheets/style.css | Status - 304
Date - Sun, 14 Apr 2024 08:03:11 GMT Method | - GET | URL - / | Status - 304
Date - Sun, 14 Apr 2024 08:03:11 GMT Method | - GET | URL - /stylesheets/style.css | Status - 304
Date - Sun, 14 Apr 2024 08:03:11 GMT Method | - GET | URL - / | Status - 304
Date - Sun, 14 Apr 2024 08:03:11 GMT Method | - GET | URL - /stylesheets/style.css | Status - 304
Date - Sun, 14 Apr 2024 08:03:47 GMT Method | - GET | URL - / | Status - 200
Date - Sun, 14 Apr 2024 08:03:47 GMT Method | - GET | URL - /stylesheets/style.css | Status - 200
Date - Sun, 14 Apr 2024 08:03:47 GMT Method | - GET | URL - /favicon.ico | Status - 200
Date - Sun, 14 Apr 2024 08:03:47 GMT Method | - GET | URL - / | Status - 200
Date - Sun, 14 Apr 2024 08:03:47 GMT Method | - GET | URL - /stylesheets/style.css | Status - 200
Date - Sun, 14 Apr 2024 08:03:47 GMT Method | - GET | URL - /favicon.ico | Status - 200
Date - Sun, 14 Apr 2024 08:03:47 GMT Method | - GET | URL - / | Status - 200
Date - Sun, 14 Apr 2024 08:03:47 GMT Method | - GET | URL - /stylesheets/style.css | Status - 200
Date - Sun, 14 Apr 2024 08:03:47 GMT Method | - GET | URL - /favicon.ico | Status - 200
Date - Sun, 14 Apr 2024 08:06:12 GMT Method | - GET | URL - /qwer | Status - 404
Date - Sun, 14 Apr 2024 08:06:12 GMT Method | - GET | URL - /stylesheets/style.css | Status - 304
Date - Sun, 14 Apr 2024 08:06:12 GMT Method | - GET | URL - /images/404.png | Status - 304
Date - Sun, 14 Apr 2024 08:36:07 GMT Method | - GET | URL - / | Status - 500
Date - Sun, 14 Apr 2024 08:36:09 GMT Method | - GET | URL - / | Status - 500
Date - Sun, 14 Apr 2024 08:36:26 GMT Method | - GET | URL - /test | Status - 500
Date - Sun, 14 Apr 2024 08:37:30 GMT Method | - GET | URL - /test | Status - 500
Date - Sun, 14 Apr 2024 08:37:30 GMT Method | - GET | URL - /favicon.ico | Status - 304
Date - Sun, 14 Apr 2024 08:37:31 GMT Method | - GET | URL - /test | Status - 500
Date - Sun, 14 Apr 2024 08:37:31 GMT Method | - GET | URL - /favicon.ico | Status - 304
Date - Sun, 14 Apr 2024 08:37:31 GMT Method | - GET | URL - /test | Status - 500
Date - Sun, 14 Apr 2024 08:37:31 GMT Method | - GET | URL - /favicon.ico | Status - 304
Date - Sun, 14 Apr 2024 08:37:31 GMT Method | - GET | URL - /test | Status - 500
Date - Sun, 14 Apr 2024 08:37:31 GMT Method | - GET | URL - /favicon.ico | Status - 304
Date - Sun, 14 Apr 2024 08:39:02 GMT Method | - GET | URL - /test | Status - 404
Date - Sun, 14 Apr 2024 08:39:02 GMT Method | - GET | URL - /stylesheets/style.css | Status - 304
Date - Sun, 14 Apr 2024 08:39:02 GMT Method | - GET | URL - /images/404.png | Status - 304
Date - Sun, 14 Apr 2024 08:39:02 GMT Method | - GET | URL - /favicon.ico | Status - 304
Date - Sun, 14 Apr 2024 08:39:05 GMT Method | - GET | URL - /test | Status - 404
Date - Sun, 14 Apr 2024 08:39:05 GMT Method | - GET | URL - /stylesheets/style.css | Status - 304
Date - Sun, 14 Apr 2024 08:39:05 GMT Method | - GET | URL - /images/404.png | Status - 304
Date - Sun, 14 Apr 2024 08:39:05 GMT Method | - GET | URL - /favicon.ico | Status - 304
Date - Sun, 14 Apr 2024 08:39:05 GMT Method | - GET | URL - /test | Status - 404
Date - Sun, 14 Apr 2024 08:39:05 GMT Method | - GET | URL - /stylesheets/style.css | Status - 304
Date - Sun, 14 Apr 2024 08:39:05 GMT Method | - GET | URL - /images/404.png | Status - 304
Date - Sun, 14 Apr 2024 08:39:05 GMT Method | - GET | URL - /favicon.ico | Status - 304
Date - Sun, 14 Apr 2024 08:39:05 GMT Method | - GET | URL - /test | Status - 404
Date - Sun, 14 Apr 2024 08:39:05 GMT Method | - GET | URL - /stylesheets/style.css | Status - 304
Date - Sun, 14 Apr 2024 08:39:05 GMT Method | - GET | URL - /images/404.png | Status - 304
Date - Sun, 14 Apr 2024 08:39:05 GMT Method | - GET | URL - /favicon.ico | Status - 304
Date - Sun, 14 Apr 2024 08:39:05 GMT Method | - GET | URL - /test | Status - 404
Date - Sun, 14 Apr 2024 08:39:05 GMT Method | - GET | URL - /stylesheets/style.css | Status - 304
Date - Sun, 14 Apr 2024 08:39:05 GMT Method | - GET | URL - /images/404.png | Status - 304
Date - Sun, 14 Apr 2024 08:39:05 GMT Method | - GET | URL - /favicon.ico | Status - 304
Date - Sun, 14 Apr 2024 08:39:54 GMT Method | - GET | URL - / | Status - 500
Date - Sun, 14 Apr 2024 08:41:04 GMT Method | - GET | URL - / | Status - 500
Date - Sun, 14 Apr 2024 08:41:04 GMT Method | - GET | URL - /favicon.ico | Status - 304
Date - Sun, 14 Apr 2024 08:41:05 GMT Method | - GET | URL - / | Status - 500
Date - Sun, 14 Apr 2024 08:41:05 GMT Method | - GET | URL - /favicon.ico | Status - 304
Date - Sun, 14 Apr 2024 08:41:05 GMT Method | - GET | URL - / | Status - 500
Date - Sun, 14 Apr 2024 08:41:05 GMT Method | - GET | URL - /favicon.ico | Status - 304
Date - Sun, 14 Apr 2024 08:41:05 GMT Method | - GET | URL - / | Status - 500
Date - Sun, 14 Apr 2024 08:41:05 GMT Method | - GET | URL - /favicon.ico | Status - 304
Date - Sun, 14 Apr 2024 08:41:05 GMT Method | - GET | URL - / | Status - 500
Date - Sun, 14 Apr 2024 08:41:05 GMT Method | - GET | URL - /favicon.ico | Status - 304
Date - Sun, 14 Apr 2024 08:41:05 GMT Method | - GET | URL - / | Status - 500
Date - Sun, 14 Apr 2024 08:41:05 GMT Method | - GET | URL - /favicon.ico | Status - 304
Date - Sun, 14 Apr 2024 08:41:11 GMT Method | - GET | URL - / | Status - 500
Date - Sun, 14 Apr 2024 08:41:11 GMT Method | - GET | URL - /favicon.ico | Status - 304
Date - Sun, 14 Apr 2024 08:41:11 GMT Method | - GET | URL - / | Status - 500
Date - Sun, 14 Apr 2024 08:41:11 GMT Method | - GET | URL - /favicon.ico | Status - 304
Date - Sun, 14 Apr 2024 08:41:11 GMT Method | - GET | URL - / | Status - 500
Date - Sun, 14 Apr 2024 08:41:11 GMT Method | - GET | URL - /favicon.ico | Status - 304
Date - Sun, 14 Apr 2024 08:41:11 GMT Method | - GET | URL - / | Status - 500
Date - Sun, 14 Apr 2024 08:41:11 GMT Method | - GET | URL - /favicon.ico | Status - 304
Date - Sun, 14 Apr 2024 08:41:11 GMT Method | - GET | URL - / | Status - 500
Date - Sun, 14 Apr 2024 08:41:11 GMT Method | - GET | URL - /favicon.ico | Status - 304
Date - Sun, 14 Apr 2024 08:41:11 GMT Method | - GET | URL - / | Status - 500
Date - Sun, 14 Apr 2024 08:41:11 GMT Method | - GET | URL - /favicon.ico | Status - 304
Date - Sun, 14 Apr 2024 08:41:13 GMT Method | - GET | URL - / | Status - 500
Date - Sun, 14 Apr 2024 08:41:13 GMT Method | - GET | URL - /favicon.ico | Status - 200
Date - Sun, 14 Apr 2024 08:41:13 GMT Method | - GET | URL - / | Status - 500
Date - Sun, 14 Apr 2024 08:41:13 GMT Method | - GET | URL - /favicon.ico | Status - 200
Date - Sun, 14 Apr 2024 08:41:13 GMT Method | - GET | URL - / | Status - 500
Date - Sun, 14 Apr 2024 08:41:13 GMT Method | - GET | URL - /favicon.ico | Status - 200
Date - Sun, 14 Apr 2024 08:41:14 GMT Method | - GET | URL - / | Status - 500
Date - Sun, 14 Apr 2024 08:41:14 GMT Method | - GET | URL - /favicon.ico | Status - 200
Date - Sun, 14 Apr 2024 08:41:20 GMT Method | - GET | URL - /test | Status - 404
Date - Sun, 14 Apr 2024 08:41:20 GMT Method | - GET | URL - /stylesheets/style.css | Status - 304
Date - Sun, 14 Apr 2024 08:41:20 GMT Method | - GET | URL - /images/404.png | Status - 304
Date - Sun, 14 Apr 2024 08:41:22 GMT Method | - GET | URL - / | Status - 500
Date - Sun, 14 Apr 2024 08:43:28 GMT Method | - GET | URL - / | Status - 500
Date - Sun, 14 Apr 2024 08:43:28 GMT Method | - GET | URL - /stylesheets/style.css | Status - 304
Date - Sun, 14 Apr 2024 08:43:28 GMT Method | - GET | URL - /images/404.png | Status - 304
Date - Sun, 14 Apr 2024 08:43:28 GMT Method | - GET | URL - /favicon.ico | Status - 304
Date - Sun, 14 Apr 2024 08:43:28 GMT Method | - GET | URL - / | Status - 500
Date - Sun, 14 Apr 2024 08:43:28 GMT Method | - GET | URL - /stylesheets/style.css | Status - 304
Date - Sun, 14 Apr 2024 08:43:28 GMT Method | - GET | URL - /images/404.png | Status - 304
Date - Sun, 14 Apr 2024 08:43:28 GMT Method | - GET | URL - /favicon.ico | Status - 304
Date - Sun, 14 Apr 2024 08:43:28 GMT Method | - GET | URL - / | Status - 500
Date - Sun, 14 Apr 2024 08:43:28 GMT Method | - GET | URL - /stylesheets/style.css | Status - 304
Date - Sun, 14 Apr 2024 08:43:28 GMT Method | - GET | URL - /images/404.png | Status - 304
Date - Sun, 14 Apr 2024 08:43:28 GMT Method | - GET | URL - /favicon.ico | Status - 304
Date - Sun, 14 Apr 2024 08:43:28 GMT Method | - GET | URL - / | Status - 500
Date - Sun, 14 Apr 2024 08:43:28 GMT Method | - GET | URL - /stylesheets/style.css | Status - 304
Date - Sun, 14 Apr 2024 08:43:28 GMT Method | - GET | URL - /images/404.png | Status - 304
Date - Sun, 14 Apr 2024 08:43:28 GMT Method | - GET | URL - /favicon.ico | Status - 304
Date - Sun, 14 Apr 2024 08:43:43 GMT Method | - GET | URL - / | Status - 500
Date - Sun, 14 Apr 2024 08:43:43 GMT Method | - GET | URL - /favicon.ico | Status - 304
Date - Sun, 14 Apr 2024 08:43:43 GMT Method | - GET | URL - / | Status - 500
Date - Sun, 14 Apr 2024 08:43:43 GMT Method | - GET | URL - /favicon.ico | Status - 304
Date - Sun, 14 Apr 2024 08:43:43 GMT Method | - GET | URL - / | Status - 500
Date - Sun, 14 Apr 2024 08:43:43 GMT Method | - GET | URL - /favicon.ico | Status - 304
Date - Sun, 14 Apr 2024 08:43:43 GMT Method | - GET | URL - / | Status - 500
Date - Sun, 14 Apr 2024 08:43:43 GMT Method | - GET | URL - /favicon.ico | Status - 304
Date - Sun, 14 Apr 2024 08:43:44 GMT Method | - GET | URL - / | Status - 500
Date - Sun, 14 Apr 2024 08:43:44 GMT Method | - GET | URL - /favicon.ico | Status - 304
Date - Sun, 14 Apr 2024 08:43:44 GMT Method | - GET | URL - / | Status - 500
Date - Sun, 14 Apr 2024 08:43:44 GMT Method | - GET | URL - /favicon.ico | Status - 304
Date - Sun, 14 Apr 2024 08:43:44 GMT Method | - GET | URL - / | Status - 500
Date - Sun, 14 Apr 2024 08:43:44 GMT Method | - GET | URL - /favicon.ico | Status - 304
Date - Sun, 14 Apr 2024 08:44:57 GMT Method | - GET | URL - / | Status - 500
Date - Sun, 14 Apr 2024 08:44:57 GMT Method | - GET | URL - /stylesheets/style.css | Status - 304
Date - Sun, 14 Apr 2024 08:44:57 GMT Method | - GET | URL - /images/404.png | Status - 304
Date - Sun, 14 Apr 2024 08:44:57 GMT Method | - GET | URL - /favicon.ico | Status - 304
Date - Sun, 14 Apr 2024 08:44:58 GMT Method | - GET | URL - / | Status - 500
Date - Sun, 14 Apr 2024 08:44:58 GMT Method | - GET | URL - /stylesheets/style.css | Status - 304
Date - Sun, 14 Apr 2024 08:44:58 GMT Method | - GET | URL - /images/404.png | Status - 304
Date - Sun, 14 Apr 2024 08:44:58 GMT Method | - GET | URL - /favicon.ico | Status - 304
Date - Sun, 14 Apr 2024 08:44:58 GMT Method | - GET | URL - / | Status - 500
Date - Sun, 14 Apr 2024 08:44:58 GMT Method | - GET | URL - /stylesheets/style.css | Status - 304
Date - Sun, 14 Apr 2024 08:44:58 GMT Method | - GET | URL - /images/404.png | Status - 304
Date - Sun, 14 Apr 2024 08:44:58 GMT Method | - GET | URL - /favicon.ico | Status - 304
Date - Sun, 14 Apr 2024 08:44:58 GMT Method | - GET | URL - / | Status - 500
Date - Sun, 14 Apr 2024 08:44:58 GMT Method | - GET | URL - /stylesheets/style.css | Status - 304
Date - Sun, 14 Apr 2024 08:44:58 GMT Method | - GET | URL - /images/404.png | Status - 304
Date - Sun, 14 Apr 2024 08:44:58 GMT Method | - GET | URL - /favicon.ico | Status - 304
Date - Sun, 14 Apr 2024 08:44:58 GMT Method | - GET | URL - / | Status - 500
Date - Sun, 14 Apr 2024 08:44:58 GMT Method | - GET | URL - /stylesheets/style.css | Status - 304
Date - Sun, 14 Apr 2024 08:44:58 GMT Method | - GET | URL - /images/404.png | Status - 304
Date - Sun, 14 Apr 2024 08:44:58 GMT Method | - GET | URL - /favicon.ico | Status - 304
Date - Sun, 14 Apr 2024 08:45:31 GMT Method | - GET | URL - / | Status - 500
Date - Sun, 14 Apr 2024 08:45:31 GMT Method | - GET | URL - / | Status - 500
Date - Sun, 14 Apr 2024 08:45:31 GMT Method | - GET | URL - /favicon.ico | Status - 304
Date - Sun, 14 Apr 2024 08:45:31 GMT Method | - GET | URL - / | Status - 500
Date - Sun, 14 Apr 2024 08:45:31 GMT Method | - GET | URL - /favicon.ico | Status - 304
Date - Sun, 14 Apr 2024 08:45:31 GMT Method | - GET | URL - / | Status - 500
Date - Sun, 14 Apr 2024 08:45:31 GMT Method | - GET | URL - /favicon.ico | Status - 304
Date - Sun, 14 Apr 2024 08:45:53 GMT Method | - GET | URL - / | Status - 500
Date - Sun, 14 Apr 2024 08:45:53 GMT Method | - GET | URL - /favicon.ico | Status - 304
Date - Sun, 14 Apr 2024 08:45:53 GMT Method | - GET | URL - / | Status - 500
Date - Sun, 14 Apr 2024 08:45:53 GMT Method | - GET | URL - /favicon.ico | Status - 304
Date - Sun, 14 Apr 2024 08:45:53 GMT Method | - GET | URL - / | Status - 500
Date - Sun, 14 Apr 2024 08:45:53 GMT Method | - GET | URL - /favicon.ico | Status - 304
Date - Sun, 14 Apr 2024 08:46:00 GMT Method | - GET | URL - / | Status - 500
Date - Sun, 14 Apr 2024 08:46:00 GMT Method | - GET | URL - /favicon.ico | Status - 304
Date - Sun, 14 Apr 2024 08:46:00 GMT Method | - GET | URL - / | Status - 500
Date - Sun, 14 Apr 2024 08:46:00 GMT Method | - GET | URL - /favicon.ico | Status - 304
Date - Sun, 14 Apr 2024 08:46:00 GMT Method | - GET | URL - / | Status - 500
Date - Sun, 14 Apr 2024 08:46:00 GMT Method | - GET | URL - /favicon.ico | Status - 304
Date - Sun, 14 Apr 2024 08:46:00 GMT Method | - GET | URL - / | Status - 500
Date - Sun, 14 Apr 2024 08:46:00 GMT Method | - GET | URL - /favicon.ico | Status - 304
Date - Sun, 14 Apr 2024 08:46:00 GMT Method | - GET | URL - / | Status - 500
Date - Sun, 14 Apr 2024 08:46:00 GMT Method | - GET | URL - /favicon.ico | Status - 304
Date - Sun, 14 Apr 2024 08:46:00 GMT Method | - GET | URL - / | Status - 500
Date - Sun, 14 Apr 2024 08:46:00 GMT Method | - GET | URL - /favicon.ico | Status - 304
Date - Sun, 14 Apr 2024 08:47:44 GMT Method | - GET | URL - / | Status - 500
Date - Sun, 14 Apr 2024 08:47:44 GMT Method | - GET | URL - /favicon.ico | Status - 304
Date - Sun, 14 Apr 2024 08:47:45 GMT Method | - GET | URL - / | Status - 500
Date - Sun, 14 Apr 2024 08:47:45 GMT Method | - GET | URL - /favicon.ico | Status - 304
Date - Sun, 14 Apr 2024 08:47:45 GMT Method | - GET | URL - / | Status - 500
Date - Sun, 14 Apr 2024 08:47:45 GMT Method | - GET | URL - /favicon.ico | Status - 304
Date - Sun, 14 Apr 2024 08:47:45 GMT Method | - GET | URL - / | Status - 500
Date - Sun, 14 Apr 2024 08:47:45 GMT Method | - GET | URL - /favicon.ico | Status - 304
Date - Sun, 14 Apr 2024 08:47:45 GMT Method | - GET | URL - / | Status - 500
Date - Sun, 14 Apr 2024 08:47:45 GMT Method | - GET | URL - /favicon.ico | Status - 304
Date - Sun, 14 Apr 2024 08:47:45 GMT Method | - GET | URL - / | Status - 500
Date - Sun, 14 Apr 2024 08:47:45 GMT Method | - GET | URL - /favicon.ico | Status - 304
Date - Sun, 14 Apr 2024 08:48:23 GMT Method | - GET | URL - / | Status - 200
Date - Sun, 14 Apr 2024 08:48:23 GMT Method | - GET | URL - /stylesheets/style.css | Status - 304
Date - Sun, 14 Apr 2024 08:48:23 GMT Method | - GET | URL - /favicon.ico | Status - 304
Date - Sun, 14 Apr 2024 08:48:23 GMT Method | - GET | URL - / | Status - 304
Date - Sun, 14 Apr 2024 08:48:23 GMT Method | - GET | URL - /stylesheets/style.css | Status - 304
Date - Sun, 14 Apr 2024 08:48:23 GMT Method | - GET | URL - /favicon.ico | Status - 304
Date - Sun, 14 Apr 2024 08:51:38 GMT Method | - GET | URL - /favicon.ico | Status - 304
Date - Sun, 14 Apr 2024 08:51:41 GMT Method | - GET | URL - / | Status - 500
Date - Sun, 14 Apr 2024 08:51:41 GMT Method | - GET | URL - /favicon.ico | Status - 304
Date - Sun, 14 Apr 2024 08:51:41 GMT Method | - GET | URL - / | Status - 500
Date - Sun, 14 Apr 2024 08:51:41 GMT Method | - GET | URL - /favicon.ico | Status - 304
Date - Sun, 14 Apr 2024 08:51:41 GMT Method | - GET | URL - / | Status - 500
Date - Sun, 14 Apr 2024 08:51:41 GMT Method | - GET | URL - /favicon.ico | Status - 304
Date - Sun, 14 Apr 2024 08:51:41 GMT Method | - GET | URL - / | Status - 500
Date - Sun, 14 Apr 2024 08:51:41 GMT Method | - GET | URL - /favicon.ico | Status - 304
Date - Sun, 14 Apr 2024 08:51:42 GMT Method | - GET | URL - / | Status - 500
Date - Sun, 14 Apr 2024 08:51:42 GMT Method | - GET | URL - /favicon.ico | Status - 304
Date - Sun, 28 Apr 2024 07:20:23 GMT Method | - GET | URL - / | Status - 500
Date - Sun, 28 Apr 2024 07:20:25 GMT Method | - GET | URL - / | Status - 500
Date - Sun, 28 Apr 2024 07:20:25 GMT Method | - GET | URL - /favicon.ico | Status - 304
Date - Sun, 28 Apr 2024 07:20:27 GMT Method | - GET | URL - / | Status - 500
Date - Sun, 28 Apr 2024 07:20:27 GMT Method | - GET | URL - /favicon.ico | Status - 304
Date - Sun, 28 Apr 2024 07:20:27 GMT Method | - GET | URL - / | Status - 500
Date - Sun, 28 Apr 2024 07:20:27 GMT Method | - GET | URL - /favicon.ico | Status - 304
Date - Sun, 28 Apr 2024 07:20:28 GMT Method | - GET | URL - / | Status - 500
Date - Sun, 28 Apr 2024 07:20:28 GMT Method | - GET | URL - /favicon.ico | Status - 304
Date - Sun, 28 Apr 2024 07:20:28 GMT Method | - GET | URL - / | Status - 500
Date - Sun, 28 Apr 2024 07:20:28 GMT Method | - GET | URL - /favicon.ico | Status - 304
Date - Sun, 28 Apr 2024 07:24:36 GMT Method | - GET | URL - / | Status - 500
Date - Sun, 28 Apr 2024 07:24:36 GMT Method | - GET | URL - /favicon.ico | Status - 304
Date - Sun, 28 Apr 2024 07:24:37 GMT Method | - GET | URL - / | Status - 500
Date - Sun, 28 Apr 2024 07:24:37 GMT Method | - GET | URL - /favicon.ico | Status - 304
Date - Sun, 28 Apr 2024 07:24:37 GMT Method | - GET | URL - / | Status - 500
Date - Sun, 28 Apr 2024 07:24:37 GMT Method | - GET | URL - /favicon.ico | Status - 304
Date - Sun, 28 Apr 2024 07:24:38 GMT Method | - GET | URL - / | Status - 500
Date - Sun, 28 Apr 2024 07:24:38 GMT Method | - GET | URL - /favicon.ico | Status - 304
Date - Sun, 28 Apr 2024 07:24:38 GMT Method | - GET | URL - / | Status - 500
Date - Sun, 28 Apr 2024 07:24:38 GMT Method | - GET | URL - /favicon.ico | Status - 304
Date - Sun, 28 Apr 2024 07:24:38 GMT Method | - GET | URL - / | Status - 500
Date - Sun, 28 Apr 2024 07:24:38 GMT Method | - GET | URL - /favicon.ico | Status - 304
Date - Sun, 28 Apr 2024 07:25:31 GMT Method | - GET | URL - / | Status - 200
Date - Sun, 28 Apr 2024 07:25:31 GMT Method | - GET | URL - /stylesheets/style.css | Status - 304
Date - Sun, 28 Apr 2024 07:25:31 GMT Method | - GET | URL - /favicon.ico | Status - 304
Date - Sun, 28 Apr 2024 07:25:32 GMT Method | - GET | URL - / | Status - 304
Date - Sun, 28 Apr 2024 07:25:32 GMT Method | - GET | URL - /stylesheets/style.css | Status - 304
Date - Sun, 28 Apr 2024 07:25:32 GMT Method | - GET | URL - /favicon.ico | Status - 304
Date - Sun, 28 Apr 2024 07:26:03 GMT Method | - GET | URL - /qwerty | Status - 404
Date - Sun, 28 Apr 2024 07:32:43 GMT Method | - GET | URL - /qwerty | Status - 404
Date - Sun, 28 Apr 2024 07:32:43 GMT Method | - GET | URL - /stylesheet/style.css | Status - 404
Date - Sun, 28 Apr 2024 07:32:43 GMT Method | - GET | URL - /images/404.png | Status - 304
Date - Sun, 28 Apr 2024 07:32:43 GMT Method | - GET | URL - /favicon.ico | Status - 304
Date - Sun, 28 Apr 2024 07:35:01 GMT Method | - GET | URL - /forbidden | Status - 403
Date - Sun, 28 Apr 2024 07:35:01 GMT Method | - GET | URL - /stylesheet/style.css | Status - 404
Date - Sun, 28 Apr 2024 07:35:01 GMT Method | - GET | URL - /stylesheets/style.css | Status - 304
Date - Sun, 28 Apr 2024 07:35:01 GMT Method | - GET | URL - /images/404.png | Status - 304
Date - Sun, 28 Apr 2024 07:35:19 GMT Method | - GET | URL - /forbidden | Status - 403
Date - Sun, 28 Apr 2024 07:35:19 GMT Method | - GET | URL - /stylesheet/style.css | Status - 404
Date - Sun, 28 Apr 2024 07:35:19 GMT Method | - GET | URL - /stylesheets/style.css | Status - 304
Date - Sun, 28 Apr 2024 07:35:19 GMT Method | - GET | URL - /favicon.ico | Status - 304
Date - Sun, 28 Apr 2024 07:35:19 GMT Method | - GET | URL - /forbidden | Status - 403
Date - Sun, 28 Apr 2024 07:35:19 GMT Method | - GET | URL - /stylesheet/style.css | Status - 404
Date - Sun, 28 Apr 2024 07:35:19 GMT Method | - GET | URL - /stylesheets/style.css | Status - 304
Date - Sun, 28 Apr 2024 07:35:19 GMT Method | - GET | URL - /favicon.ico | Status - 304
Date - Sun, 28 Apr 2024 07:40:36 GMT Method | - GET | URL - /forbidden | Status - 403
Date - Sun, 28 Apr 2024 07:40:36 GMT Method | - GET | URL - /stylesheet/style.css | Status - 404
Date - Sun, 28 Apr 2024 07:40:36 GMT Method | - GET | URL - /stylesheets/style.css | Status - 200
Date - Sun, 28 Apr 2024 07:40:36 GMT Method | - GET | URL - /favicon.ico | Status - 304
Date - Sun, 28 Apr 2024 07:40:39 GMT Method | - GET | URL - /f | Status - 404
Date - Sun, 28 Apr 2024 07:40:39 GMT Method | - GET | URL - /stylesheet/style.css | Status - 404
Date - Sun, 28 Apr 2024 07:40:39 GMT Method | - GET | URL - /images/404.png | Status - 304
Date - Sun, 28 Apr 2024 07:40:41 GMT Method | - GET | URL - / | Status - 304
Date - Sun, 28 Apr 2024 07:40:41 GMT Method | - GET | URL - /stylesheets/style.css | Status - 304
Date - Sun, 28 Apr 2024 07:40:50 GMT Method | - GET | URL - / | Status - 500
Date - Sun, 28 Apr 2024 07:40:50 GMT Method | - GET | URL - /stylesheet/style.css | Status - 404
Date - Sun, 28 Apr 2024 07:40:50 GMT Method | - GET | URL - /stylesheets/style.css | Status - 304
Date - Sun, 28 Apr 2024 07:40:50 GMT Method | - GET | URL - /favicon.ico | Status - 304
Date - Sun, 28 Apr 2024 07:41:09 GMT Method | - GET | URL - / | Status - 200
Date - Sun, 28 Apr 2024 07:41:09 GMT Method | - GET | URL - /stylesheets/style.css | Status - 304
Date - Sun, 28 Apr 2024 07:41:09 GMT Method | - GET | URL - /favicon.ico | Status - 304
Date - Sun, 28 Apr 2024 07:49:21 GMT Method | - GET | URL - /stylesheets/style.css | Status - 304
